<?xml version="1.0" encoding="UTF-8"?>
<!-- Generated by org.testng.reporters.JUnitXMLReporter -->
<testsuite ignored="6" hostname="Sakshi" failures="0" tests="1" name="Default test" time="44.094" errors="0" timestamp="2024-04-10T00:47:21 IST">
  <testcase classname="com.test.TeamMembersPageTest" name="validateDeleteTeamMember" time="32.377"/>
  <testcase classname="com.test.TeamMembersPageTest" name="verifyTeamMemberIsAdded" time="0.0">
    <ignored/>
  </testcase> <!-- verifyTeamMemberIsAdded -->
  <testcase classname="com.test.TeamMembersPageTest" name="validateTeamMemberAndVerify" time="0.0">
    <ignored/>
  </testcase> <!-- validateTeamMemberAndVerify -->
  <testcase classname="com.test.TeamMembersPageTest" name="verifyAddAndEditNewTeamMember" time="0.0">
    <ignored/>
  </testcase> <!-- verifyAddAndEditNewTeamMember -->
  <testcase classname="com.test.TeamMembersPageTest" name="validateTeamMemberPageHeader" time="0.0">
    <ignored/>
  </testcase> <!-- validateTeamMemberPageHeader -->
  <testcase classname="com.test.TeamMembersPageTest" name="iClickOnAddTeamMemberButton" time="0.0">
    <ignored/>
  </testcase> <!-- iClickOnAddTeamMemberButton -->
  <testcase classname="com.test.TeamMembersPageTest" name="validateCreateProfileHeader" time="0.0">
    <ignored/>
  </testcase> <!-- validateCreateProfileHeader -->
</testsuite> <!-- Default test -->
